[2022-04-21T11:40:42+00:00][info] User Logged in: 'anugrahvishwaspaul@cedcoss.com'
[2022-04-21T11:50:42+00:00][info] User Logged in: 'anugrahvishwaspaul@cedcoss.com'
[2022-04-21T13:43:40+00:00][info] User Logged in: 'anugrahvishwaspaul@cedcoss.com'
[2022-04-22T05:13:10+00:00][info] User Logged in: 'anugrahvishwaspaul@cedcoss.com'
[2022-04-22T05:14:42+00:00][info] User Logged in: 'anugrahvishwaspaul@cedcoss.com'
[2022-04-22T05:14:55+00:00][info] User Logged in: 'anugrahvishwaspaul@cedcoss.com'
[2022-04-22T05:15:01+00:00][info] User Logged in: 'anugrahvishwaspaul@cedcoss.com'
[2022-04-22T05:15:27+00:00][info] User Logged in: 'anugrahvishwaspaul@cedcoss.com'
[2022-04-22T05:16:06+00:00][info] User Logged in: 'anugrahvishwaspaul@cedcoss.com'
[2022-04-22T05:16:34+00:00][info] User Logged in: 'anugrahvishwaspaul@cedcoss.com'
[2022-04-22T05:16:57+00:00][info] User Logged in: 'anugrahvishwaspaul@cedcoss.com'
[2022-04-22T05:17:09+00:00][info] User Logged in: 'anugrahvishwaspaul@cedcoss.com'
[2022-04-22T05:18:03+00:00][info] User Logged in: 'anugrahvishwaspaul@cedcoss.com'
[2022-04-22T05:18:09+00:00][info] User Logged in: 'anugrahvishwaspaul@cedcoss.com'
[2022-04-22T05:18:17+00:00][info] User Logged in: 'anugrahvishwaspaul@cedcoss.com'
[2022-04-22T05:18:23+00:00][info] User Logged in: 'anugrahvishwaspaul@cedcoss.com'
[2022-04-22T05:18:51+00:00][info] User Logged in: 'anugrahvishwaspaul@cedcoss.com'
[2022-04-22T05:18:57+00:00][info] User Logged in: 'anugrahvishwaspaul@cedcoss.com'
[2022-04-22T05:19:15+00:00][info] User Logged in: 'mansi@gmail.com'
[2022-04-22T05:46:42+00:00][critical] Failed User Log in: 'kartik@112'
[2022-04-22T05:46:49+00:00][info] User Registered: 'kartik@email.com'
[2022-04-22T05:46:56+00:00][info] User Logged in: 'kartik@email.com'
[2022-04-22T05:50:46+00:00][info] User Logged in: 'anugrahvishwaspaul@cedcoss.com'
[2022-04-22T07:16:00+00:00][info] User Logged in: 'anugrahvishwaspaul@cedcoss.com'
[2022-04-22T08:10:22+00:00][info] User Logged in: 'anugrahvishwaspaul@cedcoss.com'
